<?xml version="1.0" encoding="UTF-8"?>
<testsuite name="com.drekerd.cloud.CloudApplicationTests" tests="1" skipped="0" failures="0" errors="0" timestamp="2021-01-30T23:33:32" hostname="mariosilva" time="0.01">
  <properties/>
  <testcase name="contextLoads()" classname="com.drekerd.cloud.CloudApplicationTests" time="0.01"/>
  <system-out><![CDATA[23:33:30.776 [Test worker] DEBUG org.springframework.test.context.BootstrapUtils - Instantiating CacheAwareContextLoaderDelegate from class [org.springframework.test.context.cache.DefaultCacheAwareContextLoaderDelegate]
23:33:30.785 [Test worker] DEBUG org.springframework.test.context.BootstrapUtils - Instantiating BootstrapContext using constructor [public org.springframework.test.context.support.DefaultBootstrapContext(java.lang.Class,org.springframework.test.context.CacheAwareContextLoaderDelegate)]
23:33:30.814 [Test worker] DEBUG org.springframework.test.context.BootstrapUtils - Instantiating TestContextBootstrapper for test class [com.drekerd.cloud.CloudApplicationTests] from class [org.springframework.boot.test.context.SpringBootTestContextBootstrapper]
23:33:30.823 [Test worker] INFO org.springframework.boot.test.context.SpringBootTestContextBootstrapper - Neither @ContextConfiguration nor @ContextHierarchy found for test class [com.drekerd.cloud.CloudApplicationTests], using SpringBootContextLoader
23:33:30.826 [Test worker] DEBUG org.springframework.test.context.support.AbstractContextLoader - Did not detect default resource location for test class [com.drekerd.cloud.CloudApplicationTests]: class path resource [com/drekerd/cloud/CloudApplicationTests-context.xml] does not exist
23:33:30.827 [Test worker] DEBUG org.springframework.test.context.support.AbstractContextLoader - Did not detect default resource location for test class [com.drekerd.cloud.CloudApplicationTests]: class path resource [com/drekerd/cloud/CloudApplicationTestsContext.groovy] does not exist
23:33:30.827 [Test worker] INFO org.springframework.test.context.support.AbstractContextLoader - Could not detect default resource locations for test class [com.drekerd.cloud.CloudApplicationTests]: no resource found for suffixes {-context.xml, Context.groovy}.
23:33:30.828 [Test worker] INFO org.springframework.test.context.support.AnnotationConfigContextLoaderUtils - Could not detect default configuration classes for test class [com.drekerd.cloud.CloudApplicationTests]: CloudApplicationTests does not declare any static, non-private, non-final, nested classes annotated with @Configuration.
23:33:30.860 [Test worker] DEBUG org.springframework.test.context.support.ActiveProfilesUtils - Could not find an 'annotation declaring class' for annotation type [org.springframework.test.context.ActiveProfiles] and class [com.drekerd.cloud.CloudApplicationTests]
23:33:30.898 [Test worker] DEBUG org.springframework.context.annotation.ClassPathScanningCandidateComponentProvider - Identified candidate component class: file [/home/mariosilva/projectsMario/pricelist/cloud/build/classes/java/main/com/drekerd/cloud/CloudApplication.class]
23:33:30.899 [Test worker] INFO org.springframework.boot.test.context.SpringBootTestContextBootstrapper - Found @SpringBootConfiguration com.drekerd.cloud.CloudApplication for test class com.drekerd.cloud.CloudApplicationTests
23:33:30.955 [Test worker] DEBUG org.springframework.boot.test.context.SpringBootTestContextBootstrapper - @TestExecutionListeners is not present for class [com.drekerd.cloud.CloudApplicationTests]: using defaults.
23:33:30.956 [Test worker] INFO org.springframework.boot.test.context.SpringBootTestContextBootstrapper - Loaded default TestExecutionListener class names from location [META-INF/spring.factories]: [org.springframework.boot.test.autoconfigure.restdocs.RestDocsTestExecutionListener, org.springframework.boot.test.autoconfigure.web.client.MockRestServiceServerResetTestExecutionListener, org.springframework.boot.test.autoconfigure.web.servlet.MockMvcPrintOnlyOnFailureTestExecutionListener, org.springframework.boot.test.autoconfigure.web.servlet.WebDriverTestExecutionListener, org.springframework.boot.test.autoconfigure.webservices.client.MockWebServiceServerTestExecutionListener, org.springframework.boot.test.mock.mockito.MockitoTestExecutionListener, org.springframework.boot.test.mock.mockito.ResetMocksTestExecutionListener, org.springframework.test.context.web.ServletTestExecutionListener, org.springframework.test.context.support.DirtiesContextBeforeModesTestExecutionListener, org.springframework.test.context.support.DependencyInjectionTestExecutionListener, org.springframework.test.context.support.DirtiesContextTestExecutionListener, org.springframework.test.context.transaction.TransactionalTestExecutionListener, org.springframework.test.context.jdbc.SqlScriptsTestExecutionListener, org.springframework.test.context.event.EventPublishingTestExecutionListener]
23:33:30.963 [Test worker] DEBUG org.springframework.boot.test.context.SpringBootTestContextBootstrapper - Skipping candidate TestExecutionListener [org.springframework.test.context.transaction.TransactionalTestExecutionListener] due to a missing dependency. Specify custom listener classes or make the default listener classes and their required dependencies available. Offending class: [org/springframework/transaction/interceptor/TransactionAttributeSource]
23:33:30.963 [Test worker] DEBUG org.springframework.boot.test.context.SpringBootTestContextBootstrapper - Skipping candidate TestExecutionListener [org.springframework.test.context.jdbc.SqlScriptsTestExecutionListener] due to a missing dependency. Specify custom listener classes or make the default listener classes and their required dependencies available. Offending class: [org/springframework/transaction/interceptor/TransactionAttribute]
23:33:30.964 [Test worker] INFO org.springframework.boot.test.context.SpringBootTestContextBootstrapper - Using TestExecutionListeners: [org.springframework.test.context.web.ServletTestExecutionListener@774bc23, org.springframework.test.context.support.DirtiesContextBeforeModesTestExecutionListener@377d6c1d, org.springframework.boot.test.mock.mockito.MockitoTestExecutionListener@1216f7ee, org.springframework.boot.test.autoconfigure.SpringBootDependencyInjectionTestExecutionListener@6b5d1d8f, org.springframework.test.context.support.DirtiesContextTestExecutionListener@49ea3163, org.springframework.test.context.event.EventPublishingTestExecutionListener@15abb1c7, org.springframework.boot.test.autoconfigure.restdocs.RestDocsTestExecutionListener@30a78d1b, org.springframework.boot.test.autoconfigure.web.client.MockRestServiceServerResetTestExecutionListener@33155fe5, org.springframework.boot.test.autoconfigure.web.servlet.MockMvcPrintOnlyOnFailureTestExecutionListener@2bec11cd, org.springframework.boot.test.autoconfigure.web.servlet.WebDriverTestExecutionListener@6301a8fe, org.springframework.boot.test.autoconfigure.webservices.client.MockWebServiceServerTestExecutionListener@6fc23ed0, org.springframework.boot.test.mock.mockito.ResetMocksTestExecutionListener@76b1aeba]
23:33:30.967 [Test worker] DEBUG org.springframework.test.context.support.AbstractDirtiesContextTestExecutionListener - Before test class: context [DefaultTestContext@18d27292 testClass = CloudApplicationTests, testInstance = [null], testMethod = [null], testException = [null], mergedContextConfiguration = [WebMergedContextConfiguration@6f325448 testClass = CloudApplicationTests, locations = '{}', classes = '{class com.drekerd.cloud.CloudApplication}', contextInitializerClasses = '[]', activeProfiles = '{}', propertySourceLocations = '{}', propertySourceProperties = '{org.springframework.boot.test.context.SpringBootTestContextBootstrapper=true}', contextCustomizers = set[org.springframework.boot.test.autoconfigure.actuate.metrics.MetricsExportContextCustomizerFactory$DisableMetricExportContextCustomizer@6130a809, org.springframework.boot.test.autoconfigure.properties.PropertyMappingContextCustomizer@0, org.springframework.boot.test.autoconfigure.web.servlet.WebDriverContextCustomizerFactory$Customizer@403fe523, org.springframework.boot.test.context.filter.ExcludeFilterContextCustomizer@2af32c4d, org.springframework.boot.test.json.DuplicateJsonObjectContextCustomizerFactory$DuplicateJsonObjectContextCustomizer@47512244, org.springframework.boot.test.mock.mockito.MockitoContextCustomizer@0, org.springframework.boot.test.web.client.TestRestTemplateContextCustomizer@2a020c2, org.springframework.boot.test.context.SpringBootTestArgs@1, org.springframework.boot.test.context.SpringBootTestWebEnvironment@49667b63], resourceBasePath = 'src/main/webapp', contextLoader = 'org.springframework.boot.test.context.SpringBootContextLoader', parent = [null]], attributes = map['org.springframework.test.context.web.ServletTestExecutionListener.activateListener' -> true]], class annotated with @DirtiesContext [false] with mode [null].
23:33:30.982 [Test worker] DEBUG org.springframework.test.context.support.TestPropertySourceUtils - Adding inlined properties to environment: {spring.jmx.enabled=false, org.springframework.boot.test.context.SpringBootTestContextBootstrapper=true}

  .   ____          _            __ _ _
 /\\ / ___'_ __ _ _(_)_ __  __ _ \ \ \ \
( ( )\___ | '_ | '_| | '_ \/ _` | \ \ \ \
 \\/  ___)| |_)| | | | | || (_| |  ) ) ) )
  '  |____| .__|_| |_|_| |_\__, | / / / /
 =========|_|==============|___/=/_/_/_/
 :: Spring Boot ::                (v2.4.1)

2021-01-30 23:33:31.193  INFO 35963 --- [    Test worker] com.drekerd.cloud.CloudApplicationTests  : Starting CloudApplicationTests using Java 11.0.9.1 on mariosilva with PID 35963 (started by mariosilva in /home/mariosilva/projectsMario/pricelist/cloud)
2021-01-30 23:33:31.201  INFO 35963 --- [    Test worker] com.drekerd.cloud.CloudApplicationTests  : No active profile set, falling back to default profiles: default
2021-01-30 23:33:32.182  INFO 35963 --- [    Test worker] o.s.s.concurrent.ThreadPoolTaskExecutor  : Initializing ExecutorService 'applicationTaskExecutor'
2021-01-30 23:33:32.463  INFO 35963 --- [    Test worker] com.drekerd.cloud.CloudApplicationTests  : Started CloudApplicationTests in 1.475 seconds (JVM running for 2.757)
]]></system-out>
  <system-err><![CDATA[]]></system-err>
</testsuite>
