<?xml version="1.0" encoding="UTF-8"?>
<testsuite name="com.drekerd.cloud.entrypoint.HelloControllerTest" tests="1" skipped="0" failures="0" errors="0" timestamp="2021-01-30T23:33:30" hostname="mariosilva" time="0.322">
  <properties/>
  <testcase name="getHelloFromRequest()" classname="com.drekerd.cloud.entrypoint.HelloControllerTest" time="0.322"/>
  <system-out><![CDATA[EnteredHi]]></system-out>
  <system-err><![CDATA[]]></system-err>
</testsuite>
