<?xml version="1.0" encoding="UTF-8"?>
<testsuite name="com.drekerd.cloud.entrypoint.HelloControllerTest" tests="1" skipped="0" failures="0" errors="0" timestamp="2021-01-14T23:55:54" hostname="Marios-MacBook-Pro.local" time="0.035">
  <properties/>
  <testcase name="getHelloFromRequest()" classname="com.drekerd.cloud.entrypoint.HelloControllerTest" time="0.035"/>
  <system-out><![CDATA[Entered]]></system-out>
  <system-err><![CDATA[]]></system-err>
</testsuite>
