<?xml version="1.0" encoding="UTF-8"?>
<testsuite name="com.drekerd.cloud.CloudApplicationTests" tests="1" skipped="0" failures="0" errors="0" timestamp="2021-01-13T12:39:37" hostname="mariosilva" time="0.006">
  <properties/>
  <testcase name="contextLoads()" classname="com.drekerd.cloud.CloudApplicationTests" time="0.006"/>
  <system-out><![CDATA[12:39:36.249 [Test worker] DEBUG org.springframework.test.context.BootstrapUtils - Instantiating CacheAwareContextLoaderDelegate from class [org.springframework.test.context.cache.DefaultCacheAwareContextLoaderDelegate]
12:39:36.258 [Test worker] DEBUG org.springframework.test.context.BootstrapUtils - Instantiating BootstrapContext using constructor [public org.springframework.test.context.support.DefaultBootstrapContext(java.lang.Class,org.springframework.test.context.CacheAwareContextLoaderDelegate)]
12:39:36.297 [Test worker] DEBUG org.springframework.test.context.BootstrapUtils - Instantiating TestContextBootstrapper for test class [com.drekerd.cloud.CloudApplicationTests] from class [org.springframework.boot.test.context.SpringBootTestContextBootstrapper]
12:39:36.307 [Test worker] INFO org.springframework.boot.test.context.SpringBootTestContextBootstrapper - Neither @ContextConfiguration nor @ContextHierarchy found for test class [com.drekerd.cloud.CloudApplicationTests], using SpringBootContextLoader
12:39:36.310 [Test worker] DEBUG org.springframework.test.context.support.AbstractContextLoader - Did not detect default resource location for test class [com.drekerd.cloud.CloudApplicationTests]: class path resource [com/drekerd/cloud/CloudApplicationTests-context.xml] does not exist
12:39:36.311 [Test worker] DEBUG org.springframework.test.context.support.AbstractContextLoader - Did not detect default resource location for test class [com.drekerd.cloud.CloudApplicationTests]: class path resource [com/drekerd/cloud/CloudApplicationTestsContext.groovy] does not exist
12:39:36.311 [Test worker] INFO org.springframework.test.context.support.AbstractContextLoader - Could not detect default resource locations for test class [com.drekerd.cloud.CloudApplicationTests]: no resource found for suffixes {-context.xml, Context.groovy}.
12:39:36.311 [Test worker] INFO org.springframework.test.context.support.AnnotationConfigContextLoaderUtils - Could not detect default configuration classes for test class [com.drekerd.cloud.CloudApplicationTests]: CloudApplicationTests does not declare any static, non-private, non-final, nested classes annotated with @Configuration.
12:39:36.352 [Test worker] DEBUG org.springframework.test.context.support.ActiveProfilesUtils - Could not find an 'annotation declaring class' for annotation type [org.springframework.test.context.ActiveProfiles] and class [com.drekerd.cloud.CloudApplicationTests]
12:39:36.399 [Test worker] DEBUG org.springframework.context.annotation.ClassPathScanningCandidateComponentProvider - Identified candidate component class: file [/home/mariosilva/mariosilva/projects/cloud/build/classes/java/main/com/drekerd/cloud/CloudApplication.class]
12:39:36.400 [Test worker] INFO org.springframework.boot.test.context.SpringBootTestContextBootstrapper - Found @SpringBootConfiguration com.drekerd.cloud.CloudApplication for test class com.drekerd.cloud.CloudApplicationTests
12:39:36.513 [Test worker] DEBUG org.springframework.boot.test.context.SpringBootTestContextBootstrapper - @TestExecutionListeners is not present for class [com.drekerd.cloud.CloudApplicationTests]: using defaults.
12:39:36.514 [Test worker] INFO org.springframework.boot.test.context.SpringBootTestContextBootstrapper - Loaded default TestExecutionListener class names from location [META-INF/spring.factories]: [org.springframework.boot.test.autoconfigure.restdocs.RestDocsTestExecutionListener, org.springframework.boot.test.autoconfigure.web.client.MockRestServiceServerResetTestExecutionListener, org.springframework.boot.test.autoconfigure.web.servlet.MockMvcPrintOnlyOnFailureTestExecutionListener, org.springframework.boot.test.autoconfigure.web.servlet.WebDriverTestExecutionListener, org.springframework.boot.test.autoconfigure.webservices.client.MockWebServiceServerTestExecutionListener, org.springframework.boot.test.mock.mockito.MockitoTestExecutionListener, org.springframework.boot.test.mock.mockito.ResetMocksTestExecutionListener, org.springframework.test.context.web.ServletTestExecutionListener, org.springframework.test.context.support.DirtiesContextBeforeModesTestExecutionListener, org.springframework.test.context.support.DependencyInjectionTestExecutionListener, org.springframework.test.context.support.DirtiesContextTestExecutionListener, org.springframework.test.context.transaction.TransactionalTestExecutionListener, org.springframework.test.context.jdbc.SqlScriptsTestExecutionListener, org.springframework.test.context.event.EventPublishingTestExecutionListener]
12:39:36.526 [Test worker] DEBUG org.springframework.boot.test.context.SpringBootTestContextBootstrapper - Skipping candidate TestExecutionListener [org.springframework.test.context.transaction.TransactionalTestExecutionListener] due to a missing dependency. Specify custom listener classes or make the default listener classes and their required dependencies available. Offending class: [org/springframework/transaction/interceptor/TransactionAttributeSource]
12:39:36.527 [Test worker] DEBUG org.springframework.boot.test.context.SpringBootTestContextBootstrapper - Skipping candidate TestExecutionListener [org.springframework.test.context.jdbc.SqlScriptsTestExecutionListener] due to a missing dependency. Specify custom listener classes or make the default listener classes and their required dependencies available. Offending class: [org/springframework/transaction/interceptor/TransactionAttribute]
12:39:36.527 [Test worker] INFO org.springframework.boot.test.context.SpringBootTestContextBootstrapper - Using TestExecutionListeners: [org.springframework.test.context.web.ServletTestExecutionListener@14bb5f, org.springframework.test.context.support.DirtiesContextBeforeModesTestExecutionListener@75219279, org.springframework.boot.test.mock.mockito.MockitoTestExecutionListener@774bc23, org.springframework.boot.test.autoconfigure.SpringBootDependencyInjectionTestExecutionListener@377d6c1d, org.springframework.test.context.support.DirtiesContextTestExecutionListener@1216f7ee, org.springframework.test.context.event.EventPublishingTestExecutionListener@6b5d1d8f, org.springframework.boot.test.autoconfigure.restdocs.RestDocsTestExecutionListener@49ea3163, org.springframework.boot.test.autoconfigure.web.client.MockRestServiceServerResetTestExecutionListener@15abb1c7, org.springframework.boot.test.autoconfigure.web.servlet.MockMvcPrintOnlyOnFailureTestExecutionListener@30a78d1b, org.springframework.boot.test.autoconfigure.web.servlet.WebDriverTestExecutionListener@33155fe5, org.springframework.boot.test.autoconfigure.webservices.client.MockWebServiceServerTestExecutionListener@2bec11cd, org.springframework.boot.test.mock.mockito.ResetMocksTestExecutionListener@6301a8fe]
12:39:36.530 [Test worker] DEBUG org.springframework.test.context.support.AbstractDirtiesContextTestExecutionListener - Before test class: context [DefaultTestContext@4a0cde55 testClass = CloudApplicationTests, testInstance = [null], testMethod = [null], testException = [null], mergedContextConfiguration = [WebMergedContextConfiguration@66b49388 testClass = CloudApplicationTests, locations = '{}', classes = '{class com.drekerd.cloud.CloudApplication}', contextInitializerClasses = '[]', activeProfiles = '{}', propertySourceLocations = '{}', propertySourceProperties = '{org.springframework.boot.test.context.SpringBootTestContextBootstrapper=true}', contextCustomizers = set[org.springframework.boot.test.autoconfigure.actuate.metrics.MetricsExportContextCustomizerFactory$DisableMetricExportContextCustomizer@6130a809, org.springframework.boot.test.autoconfigure.properties.PropertyMappingContextCustomizer@0, org.springframework.boot.test.autoconfigure.web.servlet.WebDriverContextCustomizerFactory$Customizer@403fe523, org.springframework.boot.test.context.filter.ExcludeFilterContextCustomizer@2af32c4d, org.springframework.boot.test.json.DuplicateJsonObjectContextCustomizerFactory$DuplicateJsonObjectContextCustomizer@47512244, org.springframework.boot.test.mock.mockito.MockitoContextCustomizer@0, org.springframework.boot.test.web.client.TestRestTemplateContextCustomizer@2a020c2, org.springframework.boot.test.context.SpringBootTestArgs@1, org.springframework.boot.test.context.SpringBootTestWebEnvironment@49667b63], resourceBasePath = 'src/main/webapp', contextLoader = 'org.springframework.boot.test.context.SpringBootContextLoader', parent = [null]], attributes = map['org.springframework.test.context.web.ServletTestExecutionListener.activateListener' -> true]], class annotated with @DirtiesContext [false] with mode [null].
12:39:36.551 [Test worker] DEBUG org.springframework.test.context.support.TestPropertySourceUtils - Adding inlined properties to environment: {spring.jmx.enabled=false, org.springframework.boot.test.context.SpringBootTestContextBootstrapper=true}

  .   ____          _            __ _ _
 /\\ / ___'_ __ _ _(_)_ __  __ _ \ \ \ \
( ( )\___ | '_ | '_| | '_ \/ _` | \ \ \ \
 \\/  ___)| |_)| | | | | || (_| |  ) ) ) )
  '  |____| .__|_| |_|_| |_\__, | / / / /
 =========|_|==============|___/=/_/_/_/
 :: Spring Boot ::                (v2.4.1)

2021-01-13 12:39:36.779  INFO 27037 --- [    Test worker] com.drekerd.cloud.CloudApplicationTests  : Starting CloudApplicationTests using Java 11.0.9.1 on mariosilva with PID 27037 (started by mariosilva in /home/mariosilva/mariosilva/projects/cloud)
2021-01-13 12:39:36.783  INFO 27037 --- [    Test worker] com.drekerd.cloud.CloudApplicationTests  : No active profile set, falling back to default profiles: default
2021-01-13 12:39:37.705  INFO 27037 --- [    Test worker] o.s.s.concurrent.ThreadPoolTaskExecutor  : Initializing ExecutorService 'applicationTaskExecutor'
2021-01-13 12:39:37.917  INFO 27037 --- [    Test worker] com.drekerd.cloud.CloudApplicationTests  : Started CloudApplicationTests in 1.36 seconds (JVM running for 2.635)
]]></system-out>
  <system-err><![CDATA[]]></system-err>
</testsuite>
